\BOOKMARK [0][-]{chapter.1}{Theory}{}% 1
\BOOKMARK [1][-]{section.1.1}{Theory and Background}{chapter.1}% 2
\BOOKMARK [2][-]{subsection.1.1.1}{Hard sphere system}{section.1.1}% 3
\BOOKMARK [2][-]{subsection.1.1.2}{metastable fluid/ phase diagram}{section.1.1}% 4
\BOOKMARK [2][-]{subsection.1.1.3}{Classical nucleation theory :/}{section.1.1}% 5
\BOOKMARK [2][-]{subsection.1.1.4}{Computer Precision}{section.1.1}% 6
\BOOKMARK [2][-]{subsection.1.1.5}{Comparsion to Real world experiments}{section.1.1}% 7
\BOOKMARK [0][-]{chapter.2}{Simulation details}{}% 8
\BOOKMARK [1][-]{section.2.1}{Simulation}{chapter.2}% 9
\BOOKMARK [2][-]{subsection.2.1.1}{Algorithm explanation}{section.2.1}% 10
\BOOKMARK [2][-]{subsection.2.1.2}{Simulation}{section.2.1}% 11
\BOOKMARK [2][-]{subsection.2.1.3}{Estimate of calculation times}{section.2.1}% 12
\BOOKMARK [2][-]{subsection.2.1.4}{Produced Data}{section.2.1}% 13
\BOOKMARK [0][-]{chapter.3}{Data Analysis}{}% 14
\BOOKMARK [1][-]{section.3.1}{Data analysis}{chapter.3}% 15
\BOOKMARK [2][-]{subsection.3.1.1}{Diffusion of the lqiuid}{section.3.1}% 16
\BOOKMARK [2][-]{subsection.3.1.2}{Diffusion of the metastable liquid}{section.3.1}% 17
\BOOKMARK [2][-]{subsection.3.1.3}{Cluster growth}{section.3.1}% 18
\BOOKMARK [2][-]{subsection.3.1.4}{ToG}{section.3.1}% 19
\BOOKMARK [2][-]{subsection.3.1.5}{ACF largest cluster?}{section.3.1}% 20
\BOOKMARK [2][-]{subsection.3.1.6}{Induction time dilemma}{section.3.1}% 21
\BOOKMARK [2][-]{subsection.3.1.7}{Induction time by exponential distribution}{section.3.1}% 22
\BOOKMARK [2][-]{subsection.3.1.8}{Nucleation rate comparison}{section.3.1}% 23
\BOOKMARK [2][-]{subsection.3.1.9}{Memory Kernels}{section.3.1}% 24
\BOOKMARK [0][-]{chapter.4}{Conclusion - Summary}{}% 25
\BOOKMARK [1][-]{section.4.1}{Conclusion}{chapter.4}% 26
\BOOKMARK [1][-]{section.Alph0.1}{appendix a}{chapter.4}% 27
