\BOOKMARK [0][-]{chapter.1}{Introduction and theory}{}% 1
\BOOKMARK [1][-]{section.1.1}{Introduction}{chapter.1}% 2
\BOOKMARK [2][-]{subsection.1.1.1}{Testing the Markovian assumption}{section.1.1}% 3
\BOOKMARK [2][-]{subsection.1.1.2}{Studying the nucleation rate discrepancy}{section.1.1}% 4
\BOOKMARK [1][-]{section.1.2}{The hard sphere system}{chapter.1}% 5
\BOOKMARK [1][-]{section.1.3}{The hard sphere phase diagram and its metastable state}{chapter.1}% 6
\BOOKMARK [1][-]{section.1.4}{Classical nucleation theory}{chapter.1}% 7
\BOOKMARK [1][-]{section.1.5}{Computer precision and chaotic behavior}{chapter.1}% 8
\BOOKMARK [1][-]{section.1.6}{Comparison to real world experiments}{chapter.1}% 9
\BOOKMARK [0][-]{chapter.2}{Simulation details and testing}{}% 10
\BOOKMARK [1][-]{section.2.1}{Algorithm and simulation details}{chapter.2}% 11
\BOOKMARK [2][-]{subsection.2.1.1}{Event driven molecular dynamics \(EDMD\)}{section.2.1}% 12
\BOOKMARK [2][-]{subsection.2.1.2}{Details concerning the implementation}{section.2.1}% 13
\BOOKMARK [2][-]{subsection.2.1.3}{The simulation periphery}{section.2.1}% 14
\BOOKMARK [1][-]{section.2.2}{Testing of the simulation code}{chapter.2}% 15
\BOOKMARK [2][-]{subsection.2.2.1}{Diffusive behavior}{section.2.2}% 16
\BOOKMARK [2][-]{subsection.2.2.2}{Radial distribution function}{section.2.2}% 17
\BOOKMARK [1][-]{section.2.3}{Estimate of required resources}{chapter.2}% 18
\BOOKMARK [2][-]{subsection.2.3.1}{Calculation time estimate}{section.2.3}% 19
\BOOKMARK [2][-]{subsection.2.3.2}{File sizes estimate}{section.2.3}% 20
\BOOKMARK [1][-]{section.2.4}{Preliminary data for equilibration test}{chapter.2}% 21
\BOOKMARK [1][-]{section.2.5}{Extensions for future studies}{chapter.2}% 22
\BOOKMARK [2][-]{subsection.2.5.1}{Polydispersity for varying radius and mass}{section.2.5}% 23
\BOOKMARK [2][-]{subsection.2.5.2}{Single cluster tracking algorithm}{section.2.5}% 24
\BOOKMARK [0][-]{chapter.3}{Data Analysis}{}% 25
\BOOKMARK [1][-]{section.3.1}{Parameter choice of the simulated system}{chapter.3}% 26
\BOOKMARK [1][-]{section.3.2}{Long time diffusion time scale}{chapter.3}% 27
\BOOKMARK [1][-]{section.3.3}{Cluster size distribution over time}{chapter.3}% 28
\BOOKMARK [1][-]{section.3.4}{Autocovariance functions of largest cluster in the metastable fluid}{chapter.3}% 29
\BOOKMARK [1][-]{section.3.5}{Cluster growth and constant attachment rate}{chapter.3}% 30
\BOOKMARK [1][-]{section.3.6}{Evaluation of shape descriptors}{chapter.3}% 31
\BOOKMARK [1][-]{section.3.7}{The nucleation time dilemma}{chapter.3}% 32
\BOOKMARK [1][-]{section.3.8}{Induction time by exponential distribution assumption}{chapter.3}% 33
\BOOKMARK [2][-]{subsection.3.8.1}{CNT expectation of the induction time distribution}{section.3.8}% 34
\BOOKMARK [2][-]{subsection.3.8.2}{Maximum likelihood estimator of the induction time}{section.3.8}% 35
\BOOKMARK [2][-]{subsection.3.8.3}{Monte Carlo uncertainty estimation}{section.3.8}% 36
\BOOKMARK [1][-]{section.3.9}{Nucleation rate discrepancy and possible solution}{chapter.3}% 37
\BOOKMARK [2][-]{subsection.3.9.1}{Comparison to literature}{section.3.9}% 38
\BOOKMARK [2][-]{subsection.3.9.2}{Solid fraction in the thermodynamic limit of infinite volume}{section.3.9}% 39
\BOOKMARK [1][-]{section.3.10}{Memory kernel analysis of nucleating ensemble}{chapter.3}% 40
\BOOKMARK [0][-]{chapter.4}{Conclusion}{}% 41
\BOOKMARK [0][-]{appendix.A}{Derivation of momentum transfer in elastic hard sphere collisions}{}% 42
